d:\visual studio 2013 project\projects\mndtlibrary\mndtlibrary\x64\debug\vc140.pdb
d:\visual studio 2013 project\projects\mndtlibrary\mndtlibrary\x64\debug\segment.obj
d:\visual studio 2013 project\projects\mndtlibrary\mndtlibrary\x64\debug\rect.obj
d:\visual studio 2013 project\projects\mndtlibrary\mndtlibrary\x64\debug\point.obj
d:\visual studio 2013 project\projects\mndtlibrary\mndtlibrary\x64\debug\mndtlibrary.obj
d:\visual studio 2013 project\projects\mndtlibrary\mndtlibrary\x64\debug\library.obj
d:\visual studio 2013 project\projects\mndtlibrary\mndtlibrary\x64\debug\image.obj
d:\visual studio 2013 project\projects\mndtlibrary\mndtlibrary\x64\debug\graphtree.obj
d:\visual studio 2013 project\projects\mndtlibrary\mndtlibrary\x64\debug\general.obj
d:\visual studio 2013 project\projects\mndtlibrary\mndtlibrary\x64\debug\gaussianelimination.obj
d:\visual studio 2013 project\projects\mndtlibrary\mndtlibrary\x64\debug\draw.obj
d:\visual studio 2013 project\projects\mndtlibrary\mndtlibrary\x64\debug\.netframework,version=v4.0.assemblyattributes.obj
d:\visual studio 2013 project\projects\mndtlibrary\mndtlibrary\x64\debug\.netframework,version=v4.0.assemblyattributes.asm
d:\visual studio 2013 project\projects\mndtlibrary\x64\debug\mndtlibrary.dll
d:\visual studio 2013 project\projects\mndtlibrary\x64\debug\mndtlibrary.pdb
d:\visual studio 2013 project\projects\mndtlibrary\x64\debug\mndtlibrary.lib
d:\visual studio 2013 project\projects\mndtlibrary\x64\debug\mndtlibrary.exp
d:\visual studio 2013 project\projects\mndtlibrary\mndtlibrary\x64\debug\mndtlibrary.tlog\cl.command.1.tlog
d:\visual studio 2013 project\projects\mndtlibrary\mndtlibrary\x64\debug\mndtlibrary.tlog\cl.read.1.tlog
d:\visual studio 2013 project\projects\mndtlibrary\mndtlibrary\x64\debug\mndtlibrary.tlog\cl.write.1.tlog
d:\visual studio 2013 project\projects\mndtlibrary\mndtlibrary\x64\debug\mndtlibrary.tlog\link.command.1.tlog
d:\visual studio 2013 project\projects\mndtlibrary\mndtlibrary\x64\debug\mndtlibrary.tlog\link.read.1.tlog
d:\visual studio 2013 project\projects\mndtlibrary\mndtlibrary\x64\debug\mndtlibrary.tlog\link.write.1.tlog
d:\visual studio 2013 project\projects\mndtlibrary\mndtlibrary\x64\debug\mndtlibrary.tlog\metagen.read.1.tlog
d:\visual studio 2013 project\projects\mndtlibrary\mndtlibrary\x64\debug\mndtlibrary.tlog\metagen.write.1.tlog
d:\visual studio 2013 project\projects\mndtlibrary\mndtlibrary\x64\debug\mndtlibrary.tlog\mndtlibrary.write.1u.tlog
d:\visual studio 2013 project\projects\mndtlibrary\mndtlibrary\x64\debug\mndtlibrary.tlog\tzres.dll.bi
